[1101/123912.935:WARNING:minidump_to_upload_parameters.cc(66)] duplicate annotation name plat, discarding value Win64
[1101/123912.941:WARNING:minidump_to_upload_parameters.cc(66)] duplicate annotation name prod, discarding value OperaDesktop
[1101/123912.941:WARNING:minidump_to_upload_parameters.cc(66)] duplicate annotation name ver, discarding value 56.0.3051.36
[1101/123912.941:WARNING:minidump_to_upload_parameters.cc(66)] duplicate annotation name channel, discarding value Stable
[1101/123912.941:WARNING:minidump_to_upload_parameters.cc(66)] duplicate annotation name ptype, discarding value renderer
[1101/123912.947:WARNING:minidump_to_upload_parameters.cc(66)] duplicate annotation name plat, discarding value Win64
[1101/123912.947:WARNING:minidump_to_upload_parameters.cc(66)] duplicate annotation name prod, discarding value OperaDesktop
[1101/123912.947:WARNING:minidump_to_upload_parameters.cc(66)] duplicate annotation name ver, discarding value 56.0.3051.36
[1101/123912.947:WARNING:minidump_to_upload_parameters.cc(66)] duplicate annotation name channel, discarding value Stable
[1101/123912.947:WARNING:minidump_to_upload_parameters.cc(66)] duplicate annotation name ptype, discarding value renderer
[1101/123928.081:ERROR:registration_protocol_win.cc(84)] TransactNamedPipe: O pipe foi finalizado. (0x6D)
[1101/131228.067:WARNING:minidump_to_upload_parameters.cc(66)] duplicate annotation name plat, discarding value Win64
[1101/131228.068:WARNING:minidump_to_upload_parameters.cc(66)] duplicate annotation name prod, discarding value OperaDesktop
[1101/131228.068:WARNING:minidump_to_upload_parameters.cc(66)] duplicate annotation name ver, discarding value 56.0.3051.36
[1101/131228.068:WARNING:minidump_to_upload_parameters.cc(66)] duplicate annotation name channel, discarding value Stable
[1101/131228.068:WARNING:minidump_to_upload_parameters.cc(66)] duplicate annotation name ptype, discarding value renderer
[1101/131228.102:ERROR:process_info.cc(360)] UncheckedAllocate
[1101/131228.135:WARNING:minidump_to_upload_parameters.cc(66)] duplicate annotation name plat, discarding value Win64
[1101/131228.135:WARNING:minidump_to_upload_parameters.cc(66)] duplicate annotation name prod, discarding value OperaDesktop
[1101/131228.135:WARNING:minidump_to_upload_parameters.cc(66)] duplicate annotation name ver, discarding value 56.0.3051.36
[1101/131228.135:WARNING:minidump_to_upload_parameters.cc(66)] duplicate annotation name channel, discarding value Stable
[1101/131228.135:WARNING:minidump_to_upload_parameters.cc(66)] duplicate annotation name ptype, discarding value renderer
[1101/131228.164:ERROR:process_info.cc(360)] UncheckedAllocate
[1101/131228.210:WARNING:minidump_to_upload_parameters.cc(66)] duplicate annotation name plat, discarding value Win64
[1101/131228.210:WARNING:minidump_to_upload_parameters.cc(66)] duplicate annotation name prod, discarding value OperaDesktop
[1101/131228.210:WARNING:minidump_to_upload_parameters.cc(66)] duplicate annotation name ver, discarding value 56.0.3051.36
[1101/131228.210:WARNING:minidump_to_upload_parameters.cc(66)] duplicate annotation name channel, discarding value Stable
[1101/131228.210:WARNING:minidump_to_upload_parameters.cc(66)] duplicate annotation name ptype, discarding value renderer
[1101/131229.516:WARNING:minidump_to_upload_parameters.cc(66)] duplicate annotation name plat, discarding value Win64
[1101/131229.517:WARNING:minidump_to_upload_parameters.cc(66)] duplicate annotation name prod, discarding value OperaDesktop
[1101/131229.517:WARNING:minidump_to_upload_parameters.cc(66)] duplicate annotation name ver, discarding value 56.0.3051.36
[1101/131229.517:WARNING:minidump_to_upload_parameters.cc(66)] duplicate annotation name channel, discarding value Stable
[1101/131229.517:WARNING:minidump_to_upload_parameters.cc(66)] duplicate annotation name ptype, discarding value renderer
[1101/131229.534:WARNING:minidump_to_upload_parameters.cc(66)] duplicate annotation name plat, discarding value Win64
[1101/131229.535:WARNING:minidump_to_upload_parameters.cc(66)] duplicate annotation name prod, discarding value OperaDesktop
[1101/131229.536:WARNING:minidump_to_upload_parameters.cc(66)] duplicate annotation name ver, discarding value 56.0.3051.36
[1101/131229.536:WARNING:minidump_to_upload_parameters.cc(66)] duplicate annotation name channel, discarding value Stable
[1101/131229.536:WARNING:minidump_to_upload_parameters.cc(66)] duplicate annotation name ptype, discarding value renderer
[1101/131231.312:ERROR:main_dll_loader_win.cc(156)] Failed to load Chrome DLL from C:\Program Files\Opera\56.0.3051.36\opera_browser.dll: O arquivo de paginação é muito pequeno para que esta operação seja concluída. (0x5AF)
[1101/131231.450:ERROR:main_dll_loader_win.cc(156)] Failed to load Chrome DLL from C:\Program Files\Opera\56.0.3051.36\opera_browser.dll: O arquivo de paginação é muito pequeno para que esta operação seja concluída. (0x5AF)
[1101/131231.649:ERROR:file_io_win.cc(161)] CreateFile D:\Users\Diogo\AppData\Local\Temp\scoped_dir13180_300\Crash Reports\settings.dat: O sistema não pode encontrar o arquivo especificado. (0x2)
[1101/131233.906:WARNING:minidump_to_upload_parameters.cc(66)] duplicate annotation name plat, discarding value Win64
[1101/131233.906:WARNING:minidump_to_upload_parameters.cc(66)] duplicate annotation name prod, discarding value OperaDesktop
[1101/131233.906:WARNING:minidump_to_upload_parameters.cc(66)] duplicate annotation name ver, discarding value 56.0.3051.36
[1101/131233.906:WARNING:minidump_to_upload_parameters.cc(66)] duplicate annotation name channel, discarding value Stable
[1101/131233.906:WARNING:minidump_to_upload_parameters.cc(66)] duplicate annotation name ptype, discarding value utility
[1101/135334.751:WARNING:minidump_to_upload_parameters.cc(66)] duplicate annotation name plat, discarding value Win64
[1101/135334.755:WARNING:minidump_to_upload_parameters.cc(66)] duplicate annotation name prod, discarding value OperaDesktop
[1101/135334.755:WARNING:minidump_to_upload_parameters.cc(66)] duplicate annotation name ver, discarding value 56.0.3051.36
[1101/135334.755:WARNING:minidump_to_upload_parameters.cc(66)] duplicate annotation name channel, discarding value Stable
[1101/135334.755:WARNING:minidump_to_upload_parameters.cc(66)] duplicate annotation name ptype, discarding value gpu-process
[1101/151303.139:WARNING:minidump_to_upload_parameters.cc(66)] duplicate annotation name plat, discarding value Win64
[1101/151303.139:WARNING:minidump_to_upload_parameters.cc(66)] duplicate annotation name prod, discarding value OperaDesktop
[1101/151303.139:WARNING:minidump_to_upload_parameters.cc(66)] duplicate annotation name ver, discarding value 56.0.3051.36
[1101/151303.139:WARNING:minidump_to_upload_parameters.cc(66)] duplicate annotation name channel, discarding value Stable
[1101/151303.139:WARNING:minidump_to_upload_parameters.cc(66)] duplicate annotation name ptype, discarding value gpu-process
[1101/151316.853:ERROR:main_dll_loader_win.cc(156)] Failed to load Chrome DLL from C:\Program Files\Opera\56.0.3051.36\opera_browser.dll: O arquivo de paginação é muito pequeno para que esta operação seja concluída. (0x5AF)
[1101/151318.547:WARNING:minidump_to_upload_parameters.cc(66)] duplicate annotation name plat, discarding value Win64
[1101/151318.548:WARNING:minidump_to_upload_parameters.cc(66)] duplicate annotation name prod, discarding value OperaDesktop
[1101/151318.548:WARNING:minidump_to_upload_parameters.cc(66)] duplicate annotation name ver, discarding value 56.0.3051.36
[1101/151318.548:WARNING:minidump_to_upload_parameters.cc(66)] duplicate annotation name channel, discarding value Stable
[1101/151318.548:WARNING:minidump_to_upload_parameters.cc(66)] duplicate annotation name ptype, discarding value browser
[1101/151318.599:ERROR:process_reader_win.cc(242)] ReadMemory at 0x7ffe589b0000 of 64 bytes failed: Somente uma parte de um pedido ReadProcessMemory ou WriteProcessMemory foi concluída. (0x12B)
[1101/151318.599:WARNING:pe_image_reader.cc(302)] could not read dos header from C:\Windows\SYSTEM32\WINMM.dll
[1101/151318.599:ERROR:process_reader_win.cc(242)] ReadMemory at 0x7ffe5f100000 of 64 bytes failed: Somente uma parte de um pedido ReadProcessMemory ou WriteProcessMemory foi concluída. (0x12B)
[1101/151318.599:WARNING:pe_image_reader.cc(302)] could not read dos header from C:\Windows\system32\RPCRT4.dll
[1101/151318.599:ERROR:process_reader_win.cc(242)] ReadMemory at 0x7ffe60840000 of 64 bytes failed: Somente uma parte de um pedido ReadProcessMemory ou WriteProcessMemory foi concluída. (0x12B)
[1101/151318.599:WARNING:pe_image_reader.cc(302)] could not read dos header from C:\Windows\SYSTEM32\sechost.dll
[1101/151318.599:ERROR:process_reader_win.cc(242)] ReadMemory at 0x1f930f0000 of 64 bytes failed: Somente uma parte de um pedido ReadProcessMemory ou WriteProcessMemory foi concluída. (0x12B)
[1101/151318.599:WARNING:pe_image_reader.cc(302)] could not read dos header from C:\Windows\system32\GDI32.dll
[1101/151318.599:ERROR:process_reader_win.cc(242)] ReadMemory at 0x7ffe5ecf0000 of 64 bytes failed: Somente uma parte de um pedido ReadProcessMemory ou WriteProcessMemory foi concluída. (0x12B)
[1101/151318.599:WARNING:pe_image_reader.cc(302)] could not read dos header from C:\Windows\system32\SHLWAPI.dll
[1101/151318.599:ERROR:process_reader_win.cc(242)] ReadMemory at 0x7ffe58930000 of 64 bytes failed: Somente uma parte de um pedido ReadProcessMemory ou WriteProcessMemory foi concluída. (0x12B)
[1101/151318.599:WARNING:pe_image_reader.cc(302)] could not read dos header from C:\Windows\SYSTEM32\WINMMBASE.dll
[1101/151318.599:ERROR:process_reader_win.cc(242)] ReadMemory at 0x7ffe5eb80000 of 64 bytes failed: Somente uma parte de um pedido ReadProcessMemory ou WriteProcessMemory foi concluída. (0x12B)
[1101/151318.599:WARNING:pe_image_reader.cc(302)] could not read dos header from C:\Windows\system32\SspiCli.dll
[1101/151318.599:ERROR:process_reader_win.cc(242)] ReadMemory at 0x7ffe5e520000 of 64 bytes failed: Somente uma parte de um pedido ReadProcessMemory ou WriteProcessMemory foi concluída. (0x12B)
[1101/151318.599:WARNING:pe_image_reader.cc(302)] could not read dos header from C:\Windows\SYSTEM32\CRYPTBASE.DLL
[1101/151318.599:ERROR:process_reader_win.cc(242)] ReadMemory at 0x7ffe5ea10000 of 64 bytes failed: Somente uma parte de um pedido ReadProcessMemory ou WriteProcessMemory foi concluída. (0x12B)
[1101/151318.599:WARNING:pe_image_reader.cc(302)] could not read dos header from C:\Windows\SYSTEM32\cfgmgr32.dll
[1101/151318.599:ERROR:process_reader_win.cc(242)] ReadMemory at 0x7ffe5d4d0000 of 64 bytes failed: Somente uma parte de um pedido ReadProcessMemory ou WriteProcessMemory foi concluída. (0x12B)
[1101/151318.599:WARNING:pe_image_reader.cc(302)] could not read dos header from C:\Windows\SYSTEM32\DEVOBJ.dll
[1101/151318.599:ERROR:process_reader_win.cc(242)] ReadMemory at 0x7ffe5e4b0000 of 64 bytes failed: Somente uma parte de um pedido ReadProcessMemory ou WriteProcessMemory foi concluída. (0x12B)
[1101/151318.599:WARNING:pe_image_reader.cc(302)] could not read dos header from C:\Windows\SYSTEM32\bcryptPrimitives.dll
[1101/151318.599:ERROR:process_reader_win.cc(242)] ReadMemory at 0x7ffe5f0c0000 of 64 bytes failed: Somente uma parte de um pedido ReadProcessMemory ou WriteProcessMemory foi concluída. (0x12B)
[1101/151318.599:WARNING:pe_image_reader.cc(302)] could not read dos header from C:\Windows\system32\IMM32.DLL
[1101/151318.599:ERROR:process_reader_win.cc(242)] ReadMemory at 0x7ffe610d0000 of 64 bytes failed: Somente uma parte de um pedido ReadProcessMemory ou WriteProcessMemory foi concluída. (0x12B)
[1101/151318.599:WARNING:pe_image_reader.cc(302)] could not read dos header from C:\Windows\system32\MSCTF.dll
[1101/151318.599:ERROR:process_reader_win.cc(242)] ReadMemory at 0x7ffe5c820000 of 64 bytes failed: Somente uma parte de um pedido ReadProcessMemory ou WriteProcessMemory foi concluída. (0x12B)
[1101/151318.599:WARNING:pe_image_reader.cc(302)] could not read dos header from C:\Windows\SYSTEM32\shcore.dll
[1101/151318.599:ERROR:process_reader_win.cc(242)] ReadMemory at 0x7ffe444c0000 of 64 bytes failed: Somente uma parte de um pedido ReadProcessMemory ou WriteProcessMemory foi concluída. (0x12B)
[1101/151318.599:WARNING:pe_image_reader.cc(302)] could not read dos header from C:\Program Files\Opera\56.0.3051.36\opera_browser.dll
[1101/151318.599:ERROR:process_reader_win.cc(242)] ReadMemory at 0x7ffe59af0000 of 64 bytes failed: Somente uma parte de um pedido ReadProcessMemory ou WriteProcessMemory foi concluída. (0x12B)
[1101/151318.599:WARNING:pe_image_reader.cc(302)] could not read dos header from C:\Windows\SYSTEM32\msdmo.dll
[1101/151318.599:ERROR:process_reader_win.cc(242)] ReadMemory at 0x7ffe5ec70000 of 64 bytes failed: Somente uma parte de um pedido ReadProcessMemory ou WriteProcessMemory foi concluída. (0x12B)
[1101/151318.599:WARNING:pe_image_reader.cc(302)] could not read dos header from C:\Windows\system32\WS2_32.dll
[1101/151318.599:ERROR:process_reader_win.cc(242)] ReadMemory at 0x7ffe59360000 of 64 bytes failed: Somente uma parte de um pedido ReadProcessMemory ou WriteProcessMemory foi concluída. (0x12B)
[1101/151318.599:WARNING:pe_image_reader.cc(302)] could not read dos header from C:\Windows\SYSTEM32\IPHLPAPI.DLL
[1101/151318.599:ERROR:process_reader_win.cc(242)] ReadMemory at 0x7ffe59390000 of 64 bytes failed: Somente uma parte de um pedido ReadProcessMemory ou WriteProcessMemory foi concluída. (0x12B)
[1101/151318.599:WARNING:pe_image_reader.cc(302)] could not read dos header from C:\Windows\SYSTEM32\PROPSYS.dll
[1101/151318.599:ERROR:process_reader_win.cc(242)] ReadMemory at 0x7ffe5eff0000 of 64 bytes failed: Somente uma parte de um pedido ReadProcessMemory ou WriteProcessMemory foi concluída. (0x12B)
[1101/151318.599:WARNING:pe_image_reader.cc(302)] could not read dos header from C:\Windows\system32\OLEAUT32.dll
[1101/151318.599:ERROR:process_reader_win.cc(242)] ReadMemory at 0x7ffe59b50000 of 64 bytes failed: Somente uma parte de um pedido ReadProcessMemory ou WriteProcessMemory foi concluída. (0x12B)
[1101/151318.599:WARNING:pe_image_reader.cc(302)] could not read dos header from C:\Windows\SYSTEM32\OLEACC.dll
[1101/151318.599:ERROR:process_reader_win.cc(242)] ReadMemory at 0x7ffe5b960000 of 64 bytes failed: Somente uma parte de um pedido ReadProcessMemory ou WriteProcessMemory foi concluída. (0x12B)
[1101/151318.599:WARNING:pe_image_reader.cc(302)] could not read dos header from C:\Windows\WinSxS\amd64_microsoft.windows.common-controls_6595b64144ccf1df_6.0.9600.18006_none_623f33d3ecbe86e8\COMCTL32.dll
[1101/151318.599:ERROR:process_reader_win.cc(242)] ReadMemory at 0x7ffe5d890000 of 64 bytes failed: Somente uma parte de um pedido ReadProcessMemory ou WriteProcessMemory foi concluída. (0x12B)
[1101/151318.599:WARNING:pe_image_reader.cc(302)] could not read dos header from C:\Windows\SYSTEM32\HID.DLL
[1101/151318.599:ERROR:process_reader_win.cc(242)] ReadMemory at 0x7ffe56b40000 of 64 bytes failed: Somente uma parte de um pedido ReadProcessMemory ou WriteProcessMemory foi concluída. (0x12B)
[1101/151318.599:WARNING:pe_image_reader.cc(302)] could not read dos header from C:\Windows\SYSTEM32\Secur32.dll
[1101/151318.599:ERROR:process_reader_win.cc(242)] ReadMemory at 0x7ffe5a650000 of 64 bytes failed: Somente uma parte de um pedido ReadProcessMemory ou WriteProcessMemory foi concluída. (0x12B)
[1101/151318.599:WARNING:pe_image_reader.cc(302)] could not read dos header from C:\Windows\SYSTEM32\NETAPI32.dll
[1101/151318.599:ERROR:process_reader_win.cc(242)] ReadMemory at 0x7ffe5dc70000 of 64 bytes failed: Somente uma parte de um pedido ReadProcessMemory ou WriteProcessMemory foi concluída. (0x12B)
[1101/151318.599:WARNING:pe_image_reader.cc(302)] could not read dos header from C:\Windows\SYSTEM32\USERENV.dll
[1101/151318.599:ERROR:process_reader_win.cc(242)] ReadMemory at 0x7ffe568b0000 of 64 bytes failed: Somente uma parte de um pedido ReadProcessMemory ou WriteProcessMemory foi concluída. (0x12B)
[1101/151318.599:WARNING:pe_image_reader.cc(302)] could not read dos header from C:\Windows\SYSTEM32\VERSION.dll
[1101/151318.599:ERROR:process_reader_win.cc(242)] ReadMemory at 0x7ffe57ff0000 of 64 bytes failed: Somente uma parte de um pedido ReadProcessMemory ou WriteProcessMemory foi concluída. (0x12B)
[1101/151318.599:WARNING:pe_image_reader.cc(302)] could not read dos header from C:\Windows\SYSTEM32\CRYPTUI.dll
[1101/151318.599:ERROR:process_reader_win.cc(242)] ReadMemory at 0x7ffe5e780000 of 64 bytes failed: Somente uma parte de um pedido ReadProcessMemory ou WriteProcessMemory foi concluída. (0x12B)
[1101/151318.599:WARNING:pe_image_reader.cc(302)] could not read dos header from C:\Windows\system32\CRYPT32.dll
[1101/151318.599:ERROR:process_reader_win.cc(242)] ReadMemory at 0x7ffe5ebb0000 of 64 bytes failed: Somente uma parte de um pedido ReadProcessMemory ou WriteProcessMemory foi concluída. (0x12B)
[1101/151318.599:WARNING:pe_image_reader.cc(302)] could not read dos header from C:\Windows\system32\WINTRUST.dll
[1101/151318.599:ERROR:process_reader_win.cc(242)] ReadMemory at 0x7ffe5c590000 of 64 bytes failed: Somente uma parte de um pedido ReadProcessMemory ou WriteProcessMemory foi concluída. (0x12B)
[1101/151318.599:WARNING:pe_image_reader.cc(302)] could not read dos header from C:\Windows\SYSTEM32\dwmapi.dll
[1101/151318.599:ERROR:process_reader_win.cc(242)] ReadMemory at 0x7ffe565e0000 of 64 bytes failed: Somente uma parte de um pedido ReadProcessMemory ou WriteProcessMemory foi concluída. (0x12B)
[1101/151318.599:WARNING:pe_image_reader.cc(302)] could not read dos header from C:\Windows\SYSTEM32\urlmon.dll
[1101/151318.600:ERROR:process_reader_win.cc(242)] ReadMemory at 0x7ffe58900000 of 64 bytes failed: Somente uma parte de um pedido ReadProcessMemory ou WriteProcessMemory foi concluída. (0x12B)
[1101/151318.600:WARNING:pe_image_reader.cc(302)] could not read dos header from C:\Windows\SYSTEM32\credui.dll
[1101/151318.600:ERROR:process_reader_win.cc(242)] ReadMemory at 0x7ffe5ed50000 of 64 bytes failed: Somente uma parte de um pedido ReadProcessMemory ou WriteProcessMemory foi concluída. (0x12B)
[1101/151318.600:WARNING:pe_image_reader.cc(302)] could not read dos header from C:\Windows\system32\COMDLG32.dll
[1101/151318.600:ERROR:process_reader_win.cc(242)] ReadMemory at 0x7ffe55eb0000 of 64 bytes failed: Somente uma parte de um pedido ReadProcessMemory ou WriteProcessMemory foi concluída. (0x12B)
[1101/151318.600:WARNING:pe_image_reader.cc(302)] could not read dos header from C:\Windows\SYSTEM32\WININET.dll
[1101/151318.600:ERROR:process_reader_win.cc(242)] ReadMemory at 0x7ffe57b10000 of 64 bytes failed: Somente uma parte de um pedido ReadProcessMemory ou WriteProcessMemory foi concluída. (0x12B)
[1101/151318.600:WARNING:pe_image_reader.cc(302)] could not read dos header from C:\Windows\SYSTEM32\CRYPTNET.dll
[1101/151318.600:ERROR:process_reader_win.cc(242)] ReadMemory at 0x7ffe5a130000 of 64 bytes failed: Somente uma parte de um pedido ReadProcessMemory ou WriteProcessMemory foi concluída. (0x12B)
[1101/151318.600:WARNING:pe_image_reader.cc(302)] could not read dos header from C:\Windows\SYSTEM32\DWrite.dll
[1101/151318.600:ERROR:process_reader_win.cc(242)] ReadMemory at 0x7ffe54ca0000 of 64 bytes failed: Somente uma parte de um pedido ReadProcessMemory ou WriteProcessMemory foi concluída. (0x12B)
[1101/151318.600:WARNING:pe_image_reader.cc(302)] could not read dos header from C:\Windows\SYSTEM32\WINSPOOL.DRV
[1101/151318.600:ERROR:process_reader_win.cc(242)] ReadMemory at 0x7ffe55cd0000 of 64 bytes failed: Somente uma parte de um pedido ReadProcessMemory ou WriteProcessMemory foi concluída. (0x12B)
[1101/151318.600:WARNING:pe_image_reader.cc(302)] could not read dos header from C:\Windows\SYSTEM32\dbghelp.dll
[1101/151318.600:ERROR:process_reader_win.cc(242)] ReadMemory at 0x7ffe58660000 of 64 bytes failed: Somente uma parte de um pedido ReadProcessMemory ou WriteProcessMemory foi concluída. (0x12B)
[1101/151318.600:WARNING:pe_image_reader.cc(302)] could not read dos header from C:\Windows\SYSTEM32\USP10.dll
[1101/151318.600:ERROR:process_reader_win.cc(242)] ReadMemory at 0x7ffe568c0000 of 64 bytes failed: Somente uma parte de um pedido ReadProcessMemory ou WriteProcessMemory foi concluída. (0x12B)
[1101/151318.600:WARNING:pe_image_reader.cc(302)] could not read dos header from C:\Windows\SYSTEM32\WINHTTP.dll
[1101/151318.600:ERROR:process_reader_win.cc(242)] ReadMemory at 0x7ffe5e160000 of 64 bytes failed: Somente uma parte de um pedido ReadProcessMemory ou WriteProcessMemory foi concluída. (0x12B)
[1101/151318.600:WARNING:pe_image_reader.cc(302)] could not read dos header from C:\Windows\SYSTEM32\ncrypt.dll
[1101/151318.600:ERROR:process_reader_win.cc(242)] ReadMemory at 0x7ffe5c790000 of 64 bytes failed: Somente uma parte de um pedido ReadProcessMemory ou WriteProcessMemory foi concluída. (0x12B)
[1101/151318.600:WARNING:pe_image_reader.cc(302)] could not read dos header from C:\Windows\SYSTEM32\dxgi.dll
[1101/151318.600:ERROR:process_reader_win.cc(242)] ReadMemory at 0x7ffe44290000 of 64 bytes failed: Somente uma parte de um pedido ReadProcessMemory ou WriteProcessMemory foi concluída. (0x12B)
[1101/151318.600:WARNING:pe_image_reader.cc(302)] could not read dos header from C:\Windows\SYSTEM32\d3d9.dll
[1101/151318.600:ERROR:process_reader_win.cc(242)] ReadMemory at 0x7ffe57fc0000 of 64 bytes failed: Somente uma parte de um pedido ReadProcessMemory ou WriteProcessMemory foi concluída. (0x12B)
[1101/151318.600:WARNING:pe_image_reader.cc(302)] could not read dos header from C:\Windows\SYSTEM32\dxva2.dll
[1101/151318.600:ERROR:process_reader_win.cc(242)] ReadMemory at 0x7ffe5c8e0000 of 64 bytes failed: Somente uma parte de um pedido ReadProcessMemory ou WriteProcessMemory foi concluída. (0x12B)
[1101/151318.600:WARNING:pe_image_reader.cc(302)] could not read dos header from C:\Windows\SYSTEM32\d3d11.dll
[1101/151318.600:ERROR:process_reader_win.cc(242)] ReadMemory at 0x7ffe5cf90000 of 64 bytes failed: Somente uma parte de um pedido ReadProcessMemory ou WriteProcessMemory foi concluída. (0x12B)
[1101/151318.600:WARNING:pe_image_reader.cc(302)] could not read dos header from C:\Windows\SYSTEM32\WTSAPI32.dll
[1101/151318.600:ERROR:process_reader_win.cc(242)] ReadMemory at 0x7ffe58ea0000 of 64 bytes failed: Somente uma parte de um pedido ReadProcessMemory ou WriteProcessMemory foi concluída. (0x12B)
[1101/151318.600:WARNING:pe_image_reader.cc(302)] could not read dos header from C:\Windows\SYSTEM32\dhcpcsvc.DLL
[1101/151318.600:ERROR:process_reader_win.cc(242)] ReadMemory at 0x7ffe599b0000 of 64 bytes failed: Somente uma parte de um pedido ReadProcessMemory ou WriteProcessMemory foi concluída. (0x12B)
[1101/151318.600:WARNING:pe_image_reader.cc(302)] could not read dos header from C:\Windows\SYSTEM32\WINUSB.DLL
[1101/151318.600:ERROR:process_reader_win.cc(242)] ReadMemory at 0x7ffe5ee20000 of 64 bytes failed: Somente uma parte de um pedido ReadProcessMemory ou WriteProcessMemory foi concluída. (0x12B)
[1101/151318.600:WARNING:pe_image_reader.cc(302)] could not read dos header from C:\Windows\system32\NSI.dll
[1101/151318.600:ERROR:process_reader_win.cc(242)] ReadMemory at 0x7ffe59350000 of 64 bytes failed: Somente uma parte de um pedido ReadProcessMemory ou WriteProcessMemory foi concluída. (0x12B)
[1101/151318.600:WARNING:pe_image_reader.cc(302)] could not read dos header from C:\Windows\SYSTEM32\WINNSI.DLL
[1101/151318.600:ERROR:process_reader_win.cc(242)] ReadMemory at 0x7ffe5d910000 of 64 bytes failed: Somente uma parte de um pedido ReadProcessMemory ou WriteProcessMemory foi concluída. (0x12B)
[1101/151318.600:WARNING:pe_image_reader.cc(302)] could not read dos header from C:\Windows\SYSTEM32\netutils.dll
[1101/151318.600:ERROR:process_reader_win.cc(242)] ReadMemory at 0x7ffe5e2c0000 of 64 bytes failed: Somente uma parte de um pedido ReadProcessMemory ou WriteProcessMemory foi concluída. (0x12B)
[1101/151318.600:WARNING:pe_image_reader.cc(302)] could not read dos header from C:\Windows\SYSTEM32\srvcli.dll
[1101/151318.600:ERROR:process_reader_win.cc(242)] ReadMemory at 0x7ffe59a90000 of 64 bytes failed: Somente uma parte de um pedido ReadProcessMemory ou WriteProcessMemory foi concluída. (0x12B)
[1101/151318.600:WARNING:pe_image_reader.cc(302)] could not read dos header from C:\Windows\SYSTEM32\wkscli.dll
[1101/151318.600:ERROR:process_reader_win.cc(242)] ReadMemory at 0x7ffe5e6b0000 of 64 bytes failed: Somente uma parte de um pedido ReadProcessMemory ou WriteProcessMemory foi concluída. (0x12B)
[1101/151318.600:WARNING:pe_image_reader.cc(302)] could not read dos header from C:\Windows\SYSTEM32\profapi.dll
[1101/151318.600:ERROR:process_reader_win.cc(242)] ReadMemory at 0x7ffe5e760000 of 64 bytes failed: Somente uma parte de um pedido ReadProcessMemory ou WriteProcessMemory foi concluída. (0x12B)
[1101/151318.600:WARNING:pe_image_reader.cc(302)] could not read dos header from C:\Windows\system32\MSASN1.dll
[1101/151318.600:ERROR:process_reader_win.cc(242)] ReadMemory at 0x7ffe56310000 of 64 bytes failed: Somente uma parte de um pedido ReadProcessMemory ou WriteProcessMemory foi concluída. (0x12B)
[1101/151318.600:WARNING:pe_image_reader.cc(302)] could not read dos header from C:\Windows\SYSTEM32\iertutil.dll
[1101/151318.600:ERROR:process_reader_win.cc(242)] ReadMemory at 0x7ffe5ec10000 of 64 bytes failed: Somente uma parte de um pedido ReadProcessMemory ou WriteProcessMemory foi concluída. (0x12B)
[1101/151318.600:WARNING:pe_image_reader.cc(302)] could not read dos header from C:\Windows\system32\WLDAP32.dll
[1101/151318.600:ERROR:process_reader_win.cc(242)] ReadMemory at 0x7ffe5e190000 of 64 bytes failed: Somente uma parte de um pedido ReadProcessMemory ou WriteProcessMemory foi concluída. (0x12B)
[1101/151318.600:WARNING:pe_image_reader.cc(302)] could not read dos header from C:\Windows\SYSTEM32\bcrypt.dll
[1101/151318.600:ERROR:process_reader_win.cc(242)] ReadMemory at 0x7ffe5e120000 of 64 bytes failed: Somente uma parte de um pedido ReadProcessMemory ou WriteProcessMemory foi concluída. (0x12B)
[1101/151318.600:WARNING:pe_image_reader.cc(302)] could not read dos header from C:\Windows\SYSTEM32\NTASN1.dll
[1101/151318.600:ERROR:process_reader_win.cc(242)] ReadMemory at 0x7ffe58630000 of 64 bytes failed: Somente uma parte de um pedido ReadProcessMemory ou WriteProcessMemory foi concluída. (0x12B)
[1101/151318.600:WARNING:pe_image_reader.cc(302)] could not read dos header from C:\Windows\SYSTEM32\SAMCLI.DLL
[1101/151318.600:ERROR:process_reader_win.cc(242)] ReadMemory at 0x7ffe43bc0000 of 64 bytes failed: Somente uma parte de um pedido ReadProcessMemory ou WriteProcessMemory foi concluída. (0x12B)
[1101/151318.600:WARNING:pe_image_reader.cc(302)] could not read dos header from C:\Windows\SYSTEM32\mf.dll
[1101/151318.600:ERROR:process_reader_win.cc(242)] ReadMemory at 0x7ffe57520000 of 64 bytes failed: Somente uma parte de um pedido ReadProcessMemory ou WriteProcessMemory foi concluída. (0x12B)
[1101/151318.600:WARNING:pe_image_reader.cc(302)] could not read dos header from C:\Windows\SYSTEM32\mfplat.dll
[1101/151318.600:ERROR:process_reader_win.cc(242)] ReadMemory at 0x7ffe5d4c0000 of 64 bytes failed: Somente uma parte de um pedido ReadProcessMemory ou WriteProcessMemory foi concluída. (0x12B)
[1101/151318.600:WARNING:pe_image_reader.cc(302)] could not read dos header from C:\Windows\SYSTEM32\kernel.appcore.dll
[1101/151318.600:ERROR:process_reader_win.cc(242)] ReadMemory at 0x7ffe574f0000 of 64 bytes failed: Somente uma parte de um pedido ReadProcessMemory ou WriteProcessMemory foi concluída. (0x12B)
[1101/151318.600:WARNING:pe_image_reader.cc(302)] could not read dos header from C:\Windows\SYSTEM32\RTWorkQ.DLL
[1101/151318.600:ERROR:process_reader_win.cc(242)] ReadMemory at 0x7ffe5cb20000 of 64 bytes failed: Somente uma parte de um pedido ReadProcessMemory ou WriteProcessMemory foi concluída. (0x12B)
[1101/151318.600:WARNING:pe_image_reader.cc(302)] could not read dos header from C:\Windows\SYSTEM32\AVRT.dll
[1101/151318.600:ERROR:process_reader_win.cc(242)] ReadMemory at 0x7ffe41b30000 of 64 bytes failed: Somente uma parte de um pedido ReadProcessMemory ou WriteProcessMemory foi concluída. (0x12B)
[1101/151318.600:WARNING:pe_image_reader.cc(302)] could not read dos header from C:\Windows\SYSTEM32\evr.dll
[1101/151318.604:ERROR:process_reader_win.cc(242)] ReadMemory at 0x1f92eca000 of 24576 bytes failed: Somente uma parte de um pedido ReadProcessMemory ou WriteProcessMemory foi concluída. (0x12B)
[1101/151318.605:ERROR:process_reader_win.cc(242)] ReadMemory at 0x1f92f30720 of 54 bytes failed: Somente uma parte de um pedido ReadProcessMemory ou WriteProcessMemory foi concluída. (0x12B)
[1101/151318.605:ERROR:process_reader_win.cc(242)] ReadMemory at 0x1f92f307e0 of 62 bytes failed: Somente uma parte de um pedido ReadProcessMemory ou WriteProcessMemory foi concluída. (0x12B)
[1101/151318.605:ERROR:process_reader_win.cc(242)] ReadMemory at 0x1f92f30860 of 5032 bytes failed: Somente uma parte de um pedido ReadProcessMemory ou WriteProcessMemory foi concluída. (0x12B)
[1101/151318.605:ERROR:process_reader_win.cc(242)] ReadMemory at 0x1f92f31c10 of 1012 bytes failed: Somente uma parte de um pedido ReadProcessMemory ou WriteProcessMemory foi concluída. (0x12B)
[1101/151318.605:ERROR:process_reader_win.cc(242)] ReadMemory at 0x1f92f32228 of 90 bytes failed: Somente uma parte de um pedido ReadProcessMemory ou WriteProcessMemory foi concluída. (0x12B)
[1101/151318.605:ERROR:process_reader_win.cc(242)] ReadMemory at 0x1f92f32284 of 1578 bytes failed: Somente uma parte de um pedido ReadProcessMemory ou WriteProcessMemory foi concluída. (0x12B)
[1101/151318.605:ERROR:process_reader_win.cc(242)] ReadMemory at 0x1f92f328b0 of 90 bytes failed: Somente uma parte de um pedido ReadProcessMemory ou WriteProcessMemory foi concluída. (0x12B)
[1101/151318.605:ERROR:process_reader_win.cc(242)] ReadMemory at 0x1f92f3290c of 94 bytes failed: Somente uma parte de um pedido ReadProcessMemory ou WriteProcessMemory foi concluída. (0x12B)
[1101/151318.605:ERROR:process_reader_win.cc(242)] ReadMemory at 0x1f92f32980 of 58 bytes failed: Somente uma parte de um pedido ReadProcessMemory ou WriteProcessMemory foi concluída. (0x12B)
[1101/151318.605:ERROR:process_reader_win.cc(242)] ReadMemory at 0x1f92f32a80 of 132 bytes failed: Somente uma parte de um pedido ReadProcessMemory ou WriteProcessMemory foi concluída. (0x12B)
[1101/151318.605:ERROR:process_reader_win.cc(242)] ReadMemory at 0x1f92f32c00 of 132 bytes failed: Somente uma parte de um pedido ReadProcessMemory ou WriteProcessMemory foi concluída. (0x12B)
[1101/151318.605:ERROR:process_reader_win.cc(242)] ReadMemory at 0x1f92f32e10 of 98 bytes failed: Somente uma parte de um pedido ReadProcessMemory ou WriteProcessMemory foi concluída. (0x12B)
[1101/151318.605:ERROR:process_reader_win.cc(242)] ReadMemory at 0x1f92f330f0 of 64 bytes failed: Somente uma parte de um pedido ReadProcessMemory ou WriteProcessMemory foi concluída. (0x12B)
[1101/151318.605:ERROR:process_reader_win.cc(242)] ReadMemory at 0x1f92f33140 of 132 bytes failed: Somente uma parte de um pedido ReadProcessMemory ou WriteProcessMemory foi concluída. (0x12B)
[1101/151318.605:ERROR:process_reader_win.cc(242)] ReadMemory at 0x1f92f332c0 of 58 bytes failed: Somente uma parte de um pedido ReadProcessMemory ou WriteProcessMemory foi concluída. (0x12B)
[1101/151318.605:ERROR:process_reader_win.cc(242)] ReadMemory at 0x1f92f33310 of 132 bytes failed: Somente uma parte de um pedido ReadProcessMemory ou WriteProcessMemory foi concluída. (0x12B)
[1101/151318.605:ERROR:process_reader_win.cc(242)] ReadMemory at 0x1f92f334b0 of 68 bytes failed: Somente uma parte de um pedido ReadProcessMemory ou WriteProcessMemory foi concluída. (0x12B)
[1101/151318.605:ERROR:process_reader_win.cc(242)] ReadMemory at 0x1f92f33500 of 132 bytes failed: Somente uma parte de um pedido ReadProcessMemory ou WriteProcessMemory foi concluída. (0x12B)
[1101/151318.605:ERROR:process_reader_win.cc(242)] ReadMemory at 0x1f92f34480 of 62 bytes failed: Somente uma parte de um pedido ReadProcessMemory ou WriteProcessMemory foi concluída. (0x12B)
[1101/151318.605:ERROR:process_reader_win.cc(242)] ReadMemory at 0x1f92f344d0 of 132 bytes failed: Somente uma parte de um pedido ReadProcessMemory ou WriteProcessMemory foi concluída. (0x12B)
[1101/151318.605:ERROR:process_reader_win.cc(242)] ReadMemory at 0x1f92f34650 of 54 bytes failed: Somente uma parte de um pedido ReadProcessMemory ou WriteProcessMemory foi concluída. (0x12B)
[1101/151318.605:ERROR:process_reader_win.cc(242)] ReadMemory at 0x1f92f346e0 of 64 bytes failed: Somente uma parte de um pedido ReadProcessMemory ou WriteProcessMemory foi concluída. (0x12B)
[1101/151318.605:ERROR:process_reader_win.cc(242)] ReadMemory at 0x1f92f34730 of 132 bytes failed: Somente uma parte de um pedido ReadProcessMemory ou WriteProcessMemory foi concluída. (0x12B)
[1101/151318.605:ERROR:process_reader_win.cc(242)] ReadMemory at 0x1f92f34940 of 58 bytes failed: Somente uma parte de um pedido ReadProcessMemory ou WriteProcessMemory foi concluída. (0x12B)
[1101/151318.605:ERROR:process_reader_win.cc(242)] ReadMemory at 0x1f92f34990 of 132 bytes failed: Somente uma parte de um pedido ReadProcessMemory ou WriteProcessMemory foi concluída. (0x12B)
[1101/151318.605:ERROR:process_reader_win.cc(242)] ReadMemory at 0x1f92f34ba0 of 60 bytes failed: Somente uma parte de um pedido ReadProcessMemory ou WriteProcessMemory foi concluída. (0x12B)
[1101/151318.605:ERROR:process_reader_win.cc(242)] ReadMemory at 0x1f92f34bf0 of 132 bytes failed: Somente uma parte de um pedido ReadProcessMemory ou WriteProcessMemory foi concluída. (0x12B)
[1101/151318.605:ERROR:process_reader_win.cc(242)] ReadMemory at 0x1f92f37230 of 132 bytes failed: Somente uma parte de um pedido ReadProcessMemory ou WriteProcessMemory foi concluída. (0x12B)
[1101/151318.605:ERROR:process_reader_win.cc(242)] ReadMemory at 0x1f92f37780 of 60 bytes failed: Somente uma parte de um pedido ReadProcessMemory ou WriteProcessMemory foi concluída. (0x12B)
[1101/151318.605:ERROR:process_reader_win.cc(242)] ReadMemory at 0x1f92f37ef0 of 60 bytes failed: Somente uma parte de um pedido ReadProcessMemory ou WriteProcessMemory foi concluída. (0x12B)
[1101/151318.605:ERROR:process_reader_win.cc(242)] ReadMemory at 0x1f92f37f60 of 58 bytes failed: Somente uma parte de um pedido ReadProcessMemory ou WriteProcessMemory foi concluída. (0x12B)
[1101/151318.605:ERROR:process_reader_win.cc(242)] ReadMemory at 0x1f92f38930 of 132 bytes failed: Somente uma parte de um pedido ReadProcessMemory ou WriteProcessMemory foi concluída. (0x12B)
[1101/151318.606:ERROR:process_reader_win.cc(242)] ReadMemory at 0x1f92f38a50 of 132 bytes failed: Somente uma parte de um pedido ReadProcessMemory ou WriteProcessMemory foi concluída. (0x12B)
[1101/151318.606:ERROR:process_reader_win.cc(242)] ReadMemory at 0x1f92f38b70 of 132 bytes failed: Somente uma parte de um pedido ReadProcessMemory ou WriteProcessMemory foi concluída. (0x12B)
[1101/151318.606:ERROR:process_reader_win.cc(242)] ReadMemory at 0x1f92f38c90 of 62 bytes failed: Somente uma parte de um pedido ReadProcessMemory ou WriteProcessMemory foi concluída. (0x12B)
[1101/151318.606:ERROR:process_reader_win.cc(242)] ReadMemory at 0x1f92f38ce0 of 132 bytes failed: Somente uma parte de um pedido ReadProcessMemory ou WriteProcessMemory foi concluída. (0x12B)
[1101/151318.606:ERROR:process_reader_win.cc(242)] ReadMemory at 0x1f92f38e30 of 58 bytes failed: Somente uma parte de um pedido ReadProcessMemory ou WriteProcessMemory foi concluída. (0x12B)
[1101/151318.606:ERROR:process_reader_win.cc(242)] ReadMemory at 0x1f92f38e80 of 132 bytes failed: Somente uma parte de um pedido ReadProcessMemory ou WriteProcessMemory foi concluída. (0x12B)
[1101/151318.606:ERROR:process_reader_win.cc(242)] ReadMemory at 0x1f92f392a0 of 62 bytes failed: Somente uma parte de um pedido ReadProcessMemory ou WriteProcessMemory foi concluída. (0x12B)
[1101/151318.606:ERROR:process_reader_win.cc(242)] ReadMemory at 0x1f92f392f0 of 132 bytes failed: Somente uma parte de um pedido ReadProcessMemory ou WriteProcessMemory foi concluída. (0x12B)
[1101/151318.606:ERROR:process_reader_win.cc(242)] ReadMemory at 0x1f92f39820 of 106 bytes failed: Somente uma parte de um pedido ReadProcessMemory ou WriteProcessMemory foi concluída. (0x12B)
[1101/151318.606:ERROR:process_reader_win.cc(242)] ReadMemory at 0x1f92f39930 of 66 bytes failed: Somente uma parte de um pedido ReadProcessMemory ou WriteProcessMemory foi concluída. (0x12B)
[1101/151318.606:ERROR:process_reader_win.cc(242)] ReadMemory at 0x1f92f39980 of 64 bytes failed: Somente uma parte de um pedido ReadProcessMemory ou WriteProcessMemory foi concluída. (0x12B)
[1101/151318.606:ERROR:process_reader_win.cc(242)] ReadMemory at 0x1f92f39a20 of 60 bytes failed: Somente uma parte de um pedido ReadProcessMemory ou WriteProcessMemory foi concluída. (0x12B)
[1101/151318.606:ERROR:process_reader_win.cc(242)] ReadMemory at 0x1f92f39b60 of 58 bytes failed: Somente uma parte de um pedido ReadProcessMemory ou WriteProcessMemory foi concluída. (0x12B)
[1101/151318.606:ERROR:process_reader_win.cc(242)] ReadMemory at 0x1f92f39bb0 of 58 bytes failed: Somente uma parte de um pedido ReadProcessMemory ou WriteProcessMemory foi concluída. (0x12B)
[1101/151318.606:ERROR:process_reader_win.cc(242)] ReadMemory at 0x1f92f39e80 of 66 bytes failed: Somente uma parte de um pedido ReadProcessMemory ou WriteProcessMemory foi concluída. (0x12B)
[1101/151318.606:ERROR:process_reader_win.cc(242)] ReadMemory at 0x1f92f39ed0 of 60 bytes failed: Somente uma parte de um pedido ReadProcessMemory ou WriteProcessMemory foi concluída. (0x12B)
[1101/151318.606:ERROR:process_reader_win.cc(242)] ReadMemory at 0x1f92f3a010 of 62 bytes failed: Somente uma parte de um pedido ReadProcessMemory ou WriteProcessMemory foi concluída. (0x12B)
[1101/151318.606:ERROR:process_reader_win.cc(242)] ReadMemory at 0x1f92f3a060 of 60 bytes failed: Somente uma parte de um pedido ReadProcessMemory ou WriteProcessMemory foi concluída. (0x12B)
[1101/151318.606:ERROR:process_reader_win.cc(242)] ReadMemory at 0x1f92f3a2e0 of 132 bytes failed: Somente uma parte de um pedido ReadProcessMemory ou WriteProcessMemory foi concluída. (0x12B)
[1101/151318.606:ERROR:process_reader_win.cc(242)] ReadMemory at 0x1f92f3a450 of 132 bytes failed: Somente uma parte de um pedido ReadProcessMemory ou WriteProcessMemory foi concluída. (0x12B)
[1101/151318.606:ERROR:process_reader_win.cc(242)] ReadMemory at 0x1f92f3a570 of 132 bytes failed: Somente uma parte de um pedido ReadProcessMemory ou WriteProcessMemory foi concluída. (0x12B)
[1101/151318.606:ERROR:process_reader_win.cc(242)] ReadMemory at 0x1f92f3a690 of 132 bytes failed: Somente uma parte de um pedido ReadProcessMemory ou WriteProcessMemory foi concluída. (0x12B)
[1101/151318.606:ERROR:process_reader_win.cc(242)] ReadMemory at 0x1f92f3a7b0 of 132 bytes failed: Somente uma parte de um pedido ReadProcessMemory ou WriteProcessMemory foi concluída. (0x12B)
[1101/151318.606:ERROR:process_reader_win.cc(242)] ReadMemory at 0x1f92f3a8d0 of 132 bytes failed: Somente uma parte de um pedido ReadProcessMemory ou WriteProcessMemory foi concluída. (0x12B)
[1101/151318.606:ERROR:process_reader_win.cc(242)] ReadMemory at 0x1f92f3a9f0 of 132 bytes failed: Somente uma parte de um pedido ReadProcessMemory ou WriteProcessMemory foi concluída. (0x12B)
[1101/151318.606:ERROR:process_reader_win.cc(242)] ReadMemory at 0x1f92f3ab10 of 132 bytes failed: Somente uma parte de um pedido ReadProcessMemory ou WriteProcessMemory foi concluída. (0x12B)
[1101/151318.606:ERROR:process_reader_win.cc(242)] ReadMemory at 0x1f92f3ac30 of 132 bytes failed: Somente uma parte de um pedido ReadProcessMemory ou WriteProcessMemory foi concluída. (0x12B)
[1101/151318.606:ERROR:process_reader_win.cc(242)] ReadMemory at 0x1f92f3ad50 of 132 bytes failed: Somente uma parte de um pedido ReadProcessMemory ou WriteProcessMemory foi concluída. (0x12B)
[1101/151318.606:ERROR:process_reader_win.cc(242)] ReadMemory at 0x1f92f3ae70 of 132 bytes failed: Somente uma parte de um pedido ReadProcessMemory ou WriteProcessMemory foi concluída. (0x12B)
[1101/151318.606:ERROR:process_reader_win.cc(242)] ReadMemory at 0x1f92f3af90 of 132 bytes failed: Somente uma parte de um pedido ReadProcessMemory ou WriteProcessMemory foi concluída. (0x12B)
[1101/151318.606:ERROR:process_reader_win.cc(242)] ReadMemory at 0x1f92f3b0b0 of 132 bytes failed: Somente uma parte de um pedido ReadProcessMemory ou WriteProcessMemory foi concluída. (0x12B)
[1101/151318.606:ERROR:process_reader_win.cc(242)] ReadMemory at 0x1f92f3b1d0 of 132 bytes failed: Somente uma parte de um pedido ReadProcessMemory ou WriteProcessMemory foi concluída. (0x12B)
[1101/151318.606:ERROR:process_reader_win.cc(242)] ReadMemory at 0x1f92f3c2e0 of 80 bytes failed: Somente uma parte de um pedido ReadProcessMemory ou WriteProcessMemory foi concluída. (0x12B)
[1101/151318.606:ERROR:process_reader_win.cc(242)] ReadMemory at 0x1f92f40100 of 248 bytes failed: Somente uma parte de um pedido ReadProcessMemory ou WriteProcessMemory foi concluída. (0x12B)
[1101/151318.606:ERROR:process_reader_win.cc(242)] ReadMemory at 0x1f92f406c0 of 62 bytes failed: Somente uma parte de um pedido ReadProcessMemory ou WriteProcessMemory foi concluída. (0x12B)
[1101/151318.606:ERROR:process_reader_win.cc(242)] ReadMemory at 0x1f92f40760 of 64 bytes failed: Somente uma parte de um pedido ReadProcessMemory ou WriteProcessMemory foi concluída. (0x12B)
[1101/151318.606:ERROR:process_reader_win.cc(242)] ReadMemory at 0x1f92f407b0 of 64 bytes failed: Somente uma parte de um pedido ReadProcessMemory ou WriteProcessMemory foi concluída. (0x12B)
[1101/151318.606:ERROR:process_reader_win.cc(242)] ReadMemory at 0x1f92f40800 of 62 bytes failed: Somente uma parte de um pedido ReadProcessMemory ou WriteProcessMemory foi concluída. (0x12B)
[1101/151318.606:ERROR:process_reader_win.cc(242)] ReadMemory at 0x1f92f40850 of 60 bytes failed: Somente uma parte de um pedido ReadProcessMemory ou WriteProcessMemory foi concluída. (0x12B)
[1101/151318.606:ERROR:process_reader_win.cc(242)] ReadMemory at 0x1f92f408a0 of 64 bytes failed: Somente uma parte de um pedido ReadProcessMemory ou WriteProcessMemory foi concluída. (0x12B)
[1101/151318.606:ERROR:process_reader_win.cc(242)] ReadMemory at 0x1f92f408f0 of 62 bytes failed: Somente uma parte de um pedido ReadProcessMemory ou WriteProcessMemory foi concluída. (0x12B)
[1101/151318.606:ERROR:process_reader_win.cc(242)] ReadMemory at 0x1f92f40940 of 60 bytes failed: Somente uma parte de um pedido ReadProcessMemory ou WriteProcessMemory foi concluída. (0x12B)
[1101/151318.606:ERROR:process_reader_win.cc(242)] ReadMemory at 0x1f92f40990 of 58 bytes failed: Somente uma parte de um pedido ReadProcessMemory ou WriteProcessMemory foi concluída. (0x12B)
[1101/151318.606:ERROR:process_reader_win.cc(242)] ReadMemory at 0x1f92f409e0 of 62 bytes failed: Somente uma parte de um pedido ReadProcessMemory ou WriteProcessMemory foi concluída. (0x12B)
[1101/151318.606:ERROR:process_reader_win.cc(242)] ReadMemory at 0x1f92f40ad0 of 62 bytes failed: Somente uma parte de um pedido ReadProcessMemory ou WriteProcessMemory foi concluída. (0x12B)
[1101/151318.606:ERROR:process_reader_win.cc(242)] ReadMemory at 0x1f92f40b20 of 56 bytes failed: Somente uma parte de um pedido ReadProcessMemory ou WriteProcessMemory foi concluída. (0x12B)
[1101/151318.606:ERROR:process_reader_win.cc(242)] ReadMemory at 0x1f92f40b70 of 58 bytes failed: Somente uma parte de um pedido ReadProcessMemory ou WriteProcessMemory foi concluída. (0x12B)
[1101/151318.606:ERROR:process_reader_win.cc(242)] ReadMemory at 0x1f92f40c10 of 60 bytes failed: Somente uma parte de um pedido ReadProcessMemory ou WriteProcessMemory foi concluída. (0x12B)
[1101/151318.606:ERROR:process_reader_win.cc(242)] ReadMemory at 0x1f92f40c60 of 60 bytes failed: Somente uma parte de um pedido ReadProcessMemory ou WriteProcessMemory foi concluída. (0x12B)
[1101/151318.606:ERROR:process_reader_win.cc(242)] ReadMemory at 0x1f92f40d00 of 62 bytes failed: Somente uma parte de um pedido ReadProcessMemory ou WriteProcessMemory foi concluída. (0x12B)
[1101/151318.606:ERROR:process_reader_win.cc(242)] ReadMemory at 0x1f92f40d50 of 62 bytes failed: Somente uma parte de um pedido ReadProcessMemory ou WriteProcessMemory foi concluída. (0x12B)
[1101/151318.607:ERROR:process_reader_win.cc(242)] ReadMemory at 0x1f92f40da0 of 60 bytes failed: Somente uma parte de um pedido ReadProcessMemory ou WriteProcessMemory foi concluída. (0x12B)
[1101/151318.607:ERROR:process_reader_win.cc(242)] ReadMemory at 0x1f92f40df0 of 60 bytes failed: Somente uma parte de um pedido ReadProcessMemory ou WriteProcessMemory foi concluída. (0x12B)
[1101/151318.607:ERROR:process_reader_win.cc(242)] ReadMemory at 0x1f92f40e40 of 60 bytes failed: Somente uma parte de um pedido ReadProcessMemory ou WriteProcessMemory foi concluída. (0x12B)
[1101/151318.607:ERROR:process_reader_win.cc(242)] ReadMemory at 0x1f92f40e90 of 64 bytes failed: Somente uma parte de um pedido ReadProcessMemory ou WriteProcessMemory foi concluída. (0x12B)
[1101/151318.607:ERROR:process_reader_win.cc(242)] ReadMemory at 0x1f92f40ee0 of 56 bytes failed: Somente uma parte de um pedido ReadProcessMemory ou WriteProcessMemory foi concluída. (0x12B)
[1101/151318.607:ERROR:process_reader_win.cc(242)] ReadMemory at 0x1f92f40f30 of 60 bytes failed: Somente uma parte de um pedido ReadProcessMemory ou WriteProcessMemory foi concluída. (0x12B)
[1101/151318.607:ERROR:process_reader_win.cc(242)] ReadMemory at 0x1f92f40f80 of 58 bytes failed: Somente uma parte de um pedido ReadProcessMemory ou WriteProcessMemory foi concluída. (0x12B)
[1101/151318.607:ERROR:process_reader_win.cc(242)] ReadMemory at 0x1f92f41020 of 62 bytes failed: Somente uma parte de um pedido ReadProcessMemory ou WriteProcessMemory foi concluída. (0x12B)
[1101/151318.607:ERROR:process_reader_win.cc(242)] ReadMemory at 0x1f92f41070 of 64 bytes failed: Somente uma parte de um pedido ReadProcessMemory ou WriteProcessMemory foi concluída. (0x12B)
[1101/151318.607:ERROR:process_reader_win.cc(242)] ReadMemory at 0x1f92f410c0 of 64 bytes failed: Somente uma parte de um pedido ReadProcessMemory ou WriteProcessMemory foi concluída. (0x12B)
[1101/151318.607:ERROR:process_reader_win.cc(242)] ReadMemory at 0x1f92f41110 of 60 bytes failed: Somente uma parte de um pedido ReadProcessMemory ou WriteProcessMemory foi concluída. (0x12B)
[1101/151318.607:ERROR:process_reader_win.cc(242)] ReadMemory at 0x1f92f41160 of 60 bytes failed: Somente uma parte de um pedido ReadProcessMemory ou WriteProcessMemory foi concluída. (0x12B)
[1101/151318.607:ERROR:process_reader_win.cc(242)] ReadMemory at 0x1f92f411b0 of 64 bytes failed: Somente uma parte de um pedido ReadProcessMemory ou WriteProcessMemory foi concluída. (0x12B)
[1101/151318.607:ERROR:process_reader_win.cc(242)] ReadMemory at 0x1f92f41200 of 60 bytes failed: Somente uma parte de um pedido ReadProcessMemory ou WriteProcessMemory foi concluída. (0x12B)
[1101/151318.607:ERROR:process_reader_win.cc(242)] ReadMemory at 0x1f92f412a0 of 62 bytes failed: Somente uma parte de um pedido ReadProcessMemory ou WriteProcessMemory foi concluída. (0x12B)
[1101/151318.607:ERROR:process_reader_win.cc(242)] ReadMemory at 0x1f92f412f0 of 62 bytes failed: Somente uma parte de um pedido ReadProcessMemory ou WriteProcessMemory foi concluída. (0x12B)
[1101/151318.607:ERROR:process_reader_win.cc(242)] ReadMemory at 0x1f92f41340 of 60 bytes failed: Somente uma parte de um pedido ReadProcessMemory ou WriteProcessMemory foi concluída. (0x12B)
[1101/151318.607:ERROR:process_reader_win.cc(242)] ReadMemory at 0x1f92f413e0 of 64 bytes failed: Somente uma parte de um pedido ReadProcessMemory ou WriteProcessMemory foi concluída. (0x12B)
[1101/151318.607:ERROR:process_reader_win.cc(242)] ReadMemory at 0x1f92f41430 of 64 bytes failed: Somente uma parte de um pedido ReadProcessMemory ou WriteProcessMemory foi concluída. (0x12B)
[1101/151318.607:ERROR:process_reader_win.cc(242)] ReadMemory at 0x1f92f41480 of 64 bytes failed: Somente uma parte de um pedido ReadProcessMemory ou WriteProcessMemory foi concluída. (0x12B)
[1101/151318.607:ERROR:process_reader_win.cc(242)] ReadMemory at 0x1f92f414d0 of 60 bytes failed: Somente uma parte de um pedido ReadProcessMemory ou WriteProcessMemory foi concluída. (0x12B)
[1101/151318.607:ERROR:process_reader_win.cc(242)] ReadMemory at 0x1f92f41520 of 58 bytes failed: Somente uma parte de um pedido ReadProcessMemory ou WriteProcessMemory foi concluída. (0x12B)
[1101/151318.607:ERROR:process_reader_win.cc(242)] ReadMemory at 0x1f92f41570 of 62 bytes failed: Somente uma parte de um pedido ReadProcessMemory ou WriteProcessMemory foi concluída. (0x12B)
[1101/151318.607:ERROR:process_reader_win.cc(242)] ReadMemory at 0x1f92f415c0 of 64 bytes failed: Somente uma parte de um pedido ReadProcessMemory ou WriteProcessMemory foi concluída. (0x12B)
[1101/151318.607:ERROR:process_reader_win.cc(242)] ReadMemory at 0x1f92f4166c of 512 bytes failed: Somente uma parte de um pedido ReadProcessMemory ou WriteProcessMemory foi concluída. (0x12B)
[1101/151318.607:ERROR:process_reader_win.cc(242)] ReadMemory at 0x1f92f42790 of 132 bytes failed: Somente uma parte de um pedido ReadProcessMemory ou WriteProcessMemory foi concluída. (0x12B)
[1101/151318.607:ERROR:process_reader_win.cc(242)] ReadMemory at 0x1f92f428b0 of 132 bytes failed: Somente uma parte de um pedido ReadProcessMemory ou WriteProcessMemory foi concluída. (0x12B)
[1101/151318.607:ERROR:process_reader_win.cc(242)] ReadMemory at 0x1f92f429d0 of 132 bytes failed: Somente uma parte de um pedido ReadProcessMemory ou WriteProcessMemory foi concluída. (0x12B)
[1101/151318.607:ERROR:process_reader_win.cc(242)] ReadMemory at 0x1f92f42af0 of 132 bytes failed: Somente uma parte de um pedido ReadProcessMemory ou WriteProcessMemory foi concluída. (0x12B)
[1101/151318.607:ERROR:process_reader_win.cc(242)] ReadMemory at 0x1f92f42c10 of 132 bytes failed: Somente uma parte de um pedido ReadProcessMemory ou WriteProcessMemory foi concluída. (0x12B)
[1101/151318.607:ERROR:process_reader_win.cc(242)] ReadMemory at 0x1f92f42d30 of 132 bytes failed: Somente uma parte de um pedido ReadProcessMemory ou WriteProcessMemory foi concluída. (0x12B)
[1101/151318.607:ERROR:process_reader_win.cc(242)] ReadMemory at 0x1f92f42e50 of 132 bytes failed: Somente uma parte de um pedido ReadProcessMemory ou WriteProcessMemory foi concluída. (0x12B)
[1101/151318.607:ERROR:process_reader_win.cc(242)] ReadMemory at 0x1f92f42f70 of 132 bytes failed: Somente uma parte de um pedido ReadProcessMemory ou WriteProcessMemory foi concluída. (0x12B)
[1101/151318.608:ERROR:process_reader_win.cc(242)] ReadMemory at 0x1f92f43090 of 132 bytes failed: Somente uma parte de um pedido ReadProcessMemory ou WriteProcessMemory foi concluída. (0x12B)
[1101/151318.608:ERROR:process_reader_win.cc(242)] ReadMemory at 0x1f92f431b0 of 132 bytes failed: Somente uma parte de um pedido ReadProcessMemory ou WriteProcessMemory foi concluída. (0x12B)
[1101/151318.608:ERROR:process_reader_win.cc(242)] ReadMemory at 0x1f92f432d0 of 132 bytes failed: Somente uma parte de um pedido ReadProcessMemory ou WriteProcessMemory foi concluída. (0x12B)
[1101/151318.608:ERROR:process_reader_win.cc(242)] ReadMemory at 0x1f92f433f0 of 132 bytes failed: Somente uma parte de um pedido ReadProcessMemory ou WriteProcessMemory foi concluída. (0x12B)
[1101/151318.608:ERROR:process_reader_win.cc(242)] ReadMemory at 0x1f92f43510 of 132 bytes failed: Somente uma parte de um pedido ReadProcessMemory ou WriteProcessMemory foi concluída. (0x12B)
[1101/151318.608:ERROR:process_reader_win.cc(242)] ReadMemory at 0x1f92f43630 of 132 bytes failed: Somente uma parte de um pedido ReadProcessMemory ou WriteProcessMemory foi concluída. (0x12B)
[1101/151318.608:ERROR:process_reader_win.cc(242)] ReadMemory at 0x1f92f43750 of 132 bytes failed: Somente uma parte de um pedido ReadProcessMemory ou WriteProcessMemory foi concluída. (0x12B)
[1101/151318.608:ERROR:process_reader_win.cc(242)] ReadMemory at 0x1f92f43870 of 132 bytes failed: Somente uma parte de um pedido ReadProcessMemory ou WriteProcessMemory foi concluída. (0x12B)
[1101/151318.608:ERROR:process_reader_win.cc(242)] ReadMemory at 0x1f92f43990 of 132 bytes failed: Somente uma parte de um pedido ReadProcessMemory ou WriteProcessMemory foi concluída. (0x12B)
[1101/151318.608:ERROR:process_reader_win.cc(242)] ReadMemory at 0x1f92f43ab0 of 132 bytes failed: Somente uma parte de um pedido ReadProcessMemory ou WriteProcessMemory foi concluída. (0x12B)
[1101/151318.608:ERROR:process_reader_win.cc(242)] ReadMemory at 0x1f92f43bd0 of 132 bytes failed: Somente uma parte de um pedido ReadProcessMemory ou WriteProcessMemory foi concluída. (0x12B)
[1101/151318.608:ERROR:process_reader_win.cc(242)] ReadMemory at 0x1f92f43cf0 of 132 bytes failed: Somente uma parte de um pedido ReadProcessMemory ou WriteProcessMemory foi concluída. (0x12B)
[1101/151318.608:ERROR:process_reader_win.cc(242)] ReadMemory at 0x1f92f43e10 of 132 bytes failed: Somente uma parte de um pedido ReadProcessMemory ou WriteProcessMemory foi concluída. (0x12B)
[1101/151318.608:ERROR:process_reader_win.cc(242)] ReadMemory at 0x1f92f43f30 of 132 bytes failed: Somente uma parte de um pedido ReadProcessMemory ou WriteProcessMemory foi concluída. (0x12B)
[1101/151318.608:ERROR:process_reader_win.cc(242)] ReadMemory at 0x1f92f44050 of 132 bytes failed: Somente uma parte de um pedido ReadProcessMemory ou WriteProcessMemory foi concluída. (0x12B)
[1101/151318.608:ERROR:process_reader_win.cc(242)] ReadMemory at 0x1f92f44170 of 132 bytes failed: Somente uma parte de um pedido ReadProcessMemory ou WriteProcessMemory foi concluída. (0x12B)
[1101/151318.608:ERROR:process_reader_win.cc(242)] ReadMemory at 0x1f92f44290 of 132 bytes failed: Somente uma parte de um pedido ReadProcessMemory ou WriteProcessMemory foi concluída. (0x12B)
[1101/151318.608:ERROR:process_reader_win.cc(242)] ReadMemory at 0x1f92f443b0 of 132 bytes failed: Somente uma parte de um pedido ReadProcessMemory ou WriteProcessMemory foi concluída. (0x12B)
[1101/151318.608:ERROR:process_reader_win.cc(242)] ReadMemory at 0x1f92f444d0 of 132 bytes failed: Somente uma parte de um pedido ReadProcessMemory ou WriteProcessMemory foi concluída. (0x12B)
[1101/151318.608:ERROR:process_reader_win.cc(242)] ReadMemory at 0x1f92f445f0 of 132 bytes failed: Somente uma parte de um pedido ReadProcessMemory ou WriteProcessMemory foi concluída. (0x12B)
[1101/151318.608:ERROR:process_reader_win.cc(242)] ReadMemory at 0x1f92f457b0 of 132 bytes failed: Somente uma parte de um pedido ReadProcessMemory ou WriteProcessMemory foi concluída. (0x12B)
[1101/151318.608:ERROR:process_reader_win.cc(242)] ReadMemory at 0x1f92f458d0 of 132 bytes failed: Somente uma parte de um pedido ReadProcessMemory ou WriteProcessMemory foi concluída. (0x12B)
[1101/151318.608:ERROR:process_reader_win.cc(242)] ReadMemory at 0x1f92f459f0 of 132 bytes failed: Somente uma parte de um pedido ReadProcessMemory ou WriteProcessMemory foi concluída. (0x12B)
[1101/151318.608:ERROR:process_reader_win.cc(242)] ReadMemory at 0x1f92f45b10 of 132 bytes failed: Somente uma parte de um pedido ReadProcessMemory ou WriteProcessMemory foi concluída. (0x12B)
[1101/151318.608:ERROR:process_reader_win.cc(242)] ReadMemory at 0x1f92f45c30 of 132 bytes failed: Somente uma parte de um pedido ReadProcessMemory ou WriteProcessMemory foi concluída. (0x12B)
[1101/151318.608:ERROR:process_reader_win.cc(242)] ReadMemory at 0x1f92f45d50 of 132 bytes failed: Somente uma parte de um pedido ReadProcessMemory ou WriteProcessMemory foi concluída. (0x12B)
[1101/151318.608:ERROR:process_reader_win.cc(242)] ReadMemory at 0x1f92f45e70 of 132 bytes failed: Somente uma parte de um pedido ReadProcessMemory ou WriteProcessMemory foi concluída. (0x12B)
[1101/151318.608:ERROR:process_reader_win.cc(242)] ReadMemory at 0x1f92f45f90 of 132 bytes failed: Somente uma parte de um pedido ReadProcessMemory ou WriteProcessMemory foi concluída. (0x12B)
[1101/151318.608:ERROR:process_reader_win.cc(242)] ReadMemory at 0x1f92f46530 of 132 bytes failed: Somente uma parte de um pedido ReadProcessMemory ou WriteProcessMemory foi concluída. (0x12B)
[1101/151318.608:ERROR:process_reader_win.cc(242)] ReadMemory at 0x1f92f46770 of 132 bytes failed: Somente uma parte de um pedido ReadProcessMemory ou WriteProcessMemory foi concluída. (0x12B)
[1101/151318.608:ERROR:process_reader_win.cc(242)] ReadMemory at 0x1f92f46bf0 of 132 bytes failed: Somente uma parte de um pedido ReadProcessMemory ou WriteProcessMemory foi concluída. (0x12B)
[1101/151318.608:ERROR:process_reader_win.cc(242)] ReadMemory at 0x1f92f46d10 of 132 bytes failed: Somente uma parte de um pedido ReadProcessMemory ou WriteProcessMemory foi concluída. (0x12B)
[1101/151318.608:ERROR:process_reader_win.cc(242)] ReadMemory at 0x1f92f46e30 of 132 bytes failed: Somente uma parte de um pedido ReadProcessMemory ou WriteProcessMemory foi concluída. (0x12B)
[1101/151318.608:ERROR:process_reader_win.cc(242)] ReadMemory at 0x1f92f46f50 of 132 bytes failed: Somente uma parte de um pedido ReadProcessMemory ou WriteProcessMemory foi concluída. (0x12B)
[1101/151318.609:ERROR:process_reader_win.cc(242)] ReadMemory at 0x1f92f47190 of 132 bytes failed: Somente uma parte de um pedido ReadProcessMemory ou WriteProcessMemory foi concluída. (0x12B)
[1101/151318.609:ERROR:process_reader_win.cc(242)] ReadMemory at 0x1f92f472b0 of 132 bytes failed: Somente uma parte de um pedido ReadProcessMemory ou WriteProcessMemory foi concluída. (0x12B)
[1101/151318.609:ERROR:process_reader_win.cc(242)] ReadMemory at 0x1f92f473d0 of 132 bytes failed: Somente uma parte de um pedido ReadProcessMemory ou WriteProcessMemory foi concluída. (0x12B)
[1101/151318.609:ERROR:process_reader_win.cc(242)] ReadMemory at 0x1f92f474f0 of 132 bytes failed: Somente uma parte de um pedido ReadProcessMemory ou WriteProcessMemory foi concluída. (0x12B)
[1101/151318.609:ERROR:process_reader_win.cc(242)] ReadMemory at 0x1f92f47610 of 132 bytes failed: Somente uma parte de um pedido ReadProcessMemory ou WriteProcessMemory foi concluída. (0x12B)
[1101/151318.609:ERROR:process_reader_win.cc(242)] ReadMemory at 0x1f92f495f0 of 76 bytes failed: Somente uma parte de um pedido ReadProcessMemory ou WriteProcessMemory foi concluída. (0x12B)
[1101/151318.609:ERROR:process_reader_win.cc(242)] ReadMemory at 0x1f92f49fe0 of 60 bytes failed: Somente uma parte de um pedido ReadProcessMemory ou WriteProcessMemory foi concluída. (0x12B)
[1101/151318.609:ERROR:process_reader_win.cc(242)] ReadMemory at 0x1f92f4a490 of 60 bytes failed: Somente uma parte de um pedido ReadProcessMemory ou WriteProcessMemory foi concluída. (0x12B)
[1101/151318.609:ERROR:process_reader_win.cc(242)] ReadMemory at 0x1f92f4a8a0 of 56 bytes failed: Somente uma parte de um pedido ReadProcessMemory ou WriteProcessMemory foi concluída. (0x12B)
[1101/151318.609:ERROR:process_reader_win.cc(242)] ReadMemory at 0x1f92f4acb0 of 62 bytes failed: Somente uma parte de um pedido ReadProcessMemory ou WriteProcessMemory foi concluída. (0x12B)
[1101/151318.609:ERROR:process_reader_win.cc(242)] ReadMemory at 0x1f92f55040 of 52 bytes failed: Somente uma parte de um pedido ReadProcessMemory ou WriteProcessMemory foi concluída. (0x12B)
[1101/151318.609:ERROR:process_reader_win.cc(242)] ReadMemory at 0x1f936e8090 of 512 bytes failed: Somente uma parte de um pedido ReadProcessMemory ou WriteProcessMemory foi concluída. (0x12B)
[1101/151318.609:ERROR:process_reader_win.cc(242)] ReadMemory at 0x1f936ecad0 of 512 bytes failed: Somente uma parte de um pedido ReadProcessMemory ou WriteProcessMemory foi concluída. (0x12B)
[1101/151318.609:ERROR:process_reader_win.cc(242)] ReadMemory at 0x7ff6808dd000 of 6024 bytes failed: Somente uma parte de um pedido ReadProcessMemory ou WriteProcessMemory foi concluída. (0x12B)
[1101/151318.609:ERROR:process_reader_win.cc(242)] ReadMemory at 0x7ff6808df000 of 852 bytes failed: Somente uma parte de um pedido ReadProcessMemory ou WriteProcessMemory foi concluída. (0x12B)
[1101/151318.609:ERROR:process_reader_win.cc(242)] ReadMemory at 0x7ffe46620d94 of 512 bytes failed: Somente uma parte de um pedido ReadProcessMemory ou WriteProcessMemory foi concluída. (0x12B)
[1101/151318.609:ERROR:process_reader_win.cc(242)] ReadMemory at 0x7ffe5ea68e2c of 512 bytes failed: Somente uma parte de um pedido ReadProcessMemory ou WriteProcessMemory foi concluída. (0x12B)
[1101/151318.609:ERROR:process_reader_win.cc(242)] ReadMemory at 0x7ffe615995e0 of 18 bytes failed: Somente uma parte de um pedido ReadProcessMemory ou WriteProcessMemory foi concluída. (0x12B)
[1101/151318.609:ERROR:process_reader_win.cc(242)] ReadMemory at 0x7ffe615bed5f of 512 bytes failed: Somente uma parte de um pedido ReadProcessMemory ou WriteProcessMemory foi concluída. (0x12B)
[1101/151318.609:ERROR:process_reader_win.cc(242)] ReadMemory at 0x7ffe616207ba of 512 bytes failed: Somente uma parte de um pedido ReadProcessMemory ou WriteProcessMemory foi concluída. (0x12B)
[1101/151318.609:ERROR:process_reader_win.cc(242)] ReadMemory at 0x7ffe616be8a8 of 40 bytes failed: Somente uma parte de um pedido ReadProcessMemory ou WriteProcessMemory foi concluída. (0x12B)
[1101/151318.609:ERROR:process_reader_win.cc(242)] ReadMemory at 0x7ffe616bebe0 of 48 bytes failed: Somente uma parte de um pedido ReadProcessMemory ou WriteProcessMemory foi concluída. (0x12B)
[1101/151318.609:ERROR:process_reader_win.cc(242)] ReadMemory at 0x7ffe616c1320 of 64 bytes failed: Somente uma parte de um pedido ReadProcessMemory ou WriteProcessMemory foi concluída. (0x12B)
[1101/151318.617:ERROR:scoped_process_suspend.cc(40)] NtResumeProcess: Tentou-se acessar um processo de saída. (0xc000010a)
[1101/151322.035:WARNING:minidump_to_upload_parameters.cc(66)] duplicate annotation name plat, discarding value Win64
[1101/151322.035:WARNING:minidump_to_upload_parameters.cc(66)] duplicate annotation name prod, discarding value OperaDesktop
[1101/151322.035:WARNING:minidump_to_upload_parameters.cc(66)] duplicate annotation name ver, discarding value 56.0.3051.36
[1101/151322.035:WARNING:minidump_to_upload_parameters.cc(66)] duplicate annotation name channel, discarding value Stable
[1101/151322.035:WARNING:minidump_to_upload_parameters.cc(66)] duplicate annotation name ptype, discarding value gpu-process
[1101/163701.236:WARNING:minidump_to_upload_parameters.cc(66)] duplicate annotation name plat, discarding value Win64
[1101/163701.275:WARNING:minidump_to_upload_parameters.cc(66)] duplicate annotation name prod, discarding value OperaDesktop
[1101/163701.275:WARNING:minidump_to_upload_parameters.cc(66)] duplicate annotation name ver, discarding value 56.0.3051.36
[1101/163701.275:WARNING:minidump_to_upload_parameters.cc(66)] duplicate annotation name channel, discarding value Stable
[1101/163701.275:WARNING:minidump_to_upload_parameters.cc(66)] duplicate annotation name ptype, discarding value browser
